<?xml version="1.0" encoding="UTF-8"?>
<testsuite xmlns:xsi="http://www.w3.org/2001/XMLSchema-instance" xsi:noNamespaceSchemaLocation="https://maven.apache.org/surefire/maven-surefire-plugin/xsd/surefire-test-report.xsd" name="com.mcs.BlogApplicationTests" time="7.214" tests="1" errors="0" skipped="0" failures="0">
  <properties>
    <property name="sun.desktop" value="windows"/>
    <property name="awt.toolkit" value="sun.awt.windows.WToolkit"/>
    <property name="file.encoding.pkg" value="sun.io"/>
    <property name="java.specification.version" value="1.8"/>
    <property name="sun.cpu.isalist" value="amd64"/>
    <property name="sun.jnu.encoding" value="GBK"/>
    <property name="java.class.path" value="F:\Spring Boot Project\Blog\target\test-classes;F:\Spring Boot Project\Blog\target\classes;F:\RepMaven\org\springframework\boot\spring-boot-starter-data-jpa\2.4.2\spring-boot-starter-data-jpa-2.4.2.jar;F:\RepMaven\org\springframework\boot\spring-boot-starter-aop\2.4.2\spring-boot-starter-aop-2.4.2.jar;F:\RepMaven\org\springframework\spring-aop\5.3.3\spring-aop-5.3.3.jar;F:\RepMaven\jakarta\transaction\jakarta.transaction-api\1.3.3\jakarta.transaction-api-1.3.3.jar;F:\RepMaven\jakarta\persistence\jakarta.persistence-api\2.2.3\jakarta.persistence-api-2.2.3.jar;F:\RepMaven\org\hibernate\hibernate-core\5.4.27.Final\hibernate-core-5.4.27.Final.jar;F:\RepMaven\org\jboss\logging\jboss-logging\3.4.1.Final\jboss-logging-3.4.1.Final.jar;F:\RepMaven\org\javassist\javassist\3.27.0-GA\javassist-3.27.0-GA.jar;F:\RepMaven\net\bytebuddy\byte-buddy\1.10.19\byte-buddy-1.10.19.jar;F:\RepMaven\antlr\antlr\2.7.7\antlr-2.7.7.jar;F:\RepMaven\org\jboss\jandex\2.1.3.Final\jandex-2.1.3.Final.jar;F:\RepMaven\com\fasterxml\classmate\1.5.1\classmate-1.5.1.jar;F:\RepMaven\org\dom4j\dom4j\2.1.3\dom4j-2.1.3.jar;F:\RepMaven\org\hibernate\common\hibernate-commons-annotations\5.1.2.Final\hibernate-commons-annotations-5.1.2.Final.jar;F:\RepMaven\org\glassfish\jaxb\jaxb-runtime\2.3.3\jaxb-runtime-2.3.3.jar;F:\RepMaven\org\glassfish\jaxb\txw2\2.3.3\txw2-2.3.3.jar;F:\RepMaven\com\sun\istack\istack-commons-runtime\3.0.11\istack-commons-runtime-3.0.11.jar;F:\RepMaven\com\sun\activation\jakarta.activation\1.2.2\jakarta.activation-1.2.2.jar;F:\RepMaven\org\springframework\data\spring-data-jpa\2.4.3\spring-data-jpa-2.4.3.jar;F:\RepMaven\org\springframework\data\spring-data-commons\2.4.3\spring-data-commons-2.4.3.jar;F:\RepMaven\org\springframework\spring-orm\5.3.3\spring-orm-5.3.3.jar;F:\RepMaven\org\springframework\spring-context\5.3.3\spring-context-5.3.3.jar;F:\RepMaven\org\springframework\spring-tx\5.3.3\spring-tx-5.3.3.jar;F:\RepMaven\org\springframework\spring-beans\5.3.3\spring-beans-5.3.3.jar;F:\RepMaven\org\slf4j\slf4j-api\1.7.30\slf4j-api-1.7.30.jar;F:\RepMaven\org\springframework\boot\spring-boot-starter-jdbc\2.4.2\spring-boot-starter-jdbc-2.4.2.jar;F:\RepMaven\org\springframework\boot\spring-boot-starter\2.4.2\spring-boot-starter-2.4.2.jar;F:\RepMaven\org\springframework\boot\spring-boot-starter-logging\2.4.2\spring-boot-starter-logging-2.4.2.jar;F:\RepMaven\ch\qos\logback\logback-classic\1.2.3\logback-classic-1.2.3.jar;F:\RepMaven\ch\qos\logback\logback-core\1.2.3\logback-core-1.2.3.jar;F:\RepMaven\org\apache\logging\log4j\log4j-to-slf4j\2.13.3\log4j-to-slf4j-2.13.3.jar;F:\RepMaven\org\apache\logging\log4j\log4j-api\2.13.3\log4j-api-2.13.3.jar;F:\RepMaven\org\slf4j\jul-to-slf4j\1.7.30\jul-to-slf4j-1.7.30.jar;F:\RepMaven\org\yaml\snakeyaml\1.27\snakeyaml-1.27.jar;F:\RepMaven\com\zaxxer\HikariCP\3.4.5\HikariCP-3.4.5.jar;F:\RepMaven\org\springframework\spring-jdbc\5.3.3\spring-jdbc-5.3.3.jar;F:\RepMaven\org\springframework\boot\spring-boot-starter-thymeleaf\2.4.2\spring-boot-starter-thymeleaf-2.4.2.jar;F:\RepMaven\org\thymeleaf\thymeleaf-spring5\3.0.12.RELEASE\thymeleaf-spring5-3.0.12.RELEASE.jar;F:\RepMaven\org\thymeleaf\thymeleaf\3.0.12.RELEASE\thymeleaf-3.0.12.RELEASE.jar;F:\RepMaven\org\attoparser\attoparser\2.0.5.RELEASE\attoparser-2.0.5.RELEASE.jar;F:\RepMaven\org\unbescape\unbescape\1.1.6.RELEASE\unbescape-1.1.6.RELEASE.jar;F:\RepMaven\org\thymeleaf\extras\thymeleaf-extras-java8time\3.0.4.RELEASE\thymeleaf-extras-java8time-3.0.4.RELEASE.jar;F:\RepMaven\org\springframework\boot\spring-boot-starter-web\2.4.2\spring-boot-starter-web-2.4.2.jar;F:\RepMaven\org\springframework\boot\spring-boot-starter-json\2.4.2\spring-boot-starter-json-2.4.2.jar;F:\RepMaven\com\fasterxml\jackson\core\jackson-databind\2.11.4\jackson-databind-2.11.4.jar;F:\RepMaven\com\fasterxml\jackson\core\jackson-annotations\2.11.4\jackson-annotations-2.11.4.jar;F:\RepMaven\com\fasterxml\jackson\core\jackson-core\2.11.4\jackson-core-2.11.4.jar;F:\RepMaven\com\fasterxml\jackson\datatype\jackson-datatype-jdk8\2.11.4\jackson-datatype-jdk8-2.11.4.jar;F:\RepMaven\com\fasterxml\jackson\datatype\jackson-datatype-jsr310\2.11.4\jackson-datatype-jsr310-2.11.4.jar;F:\RepMaven\com\fasterxml\jackson\module\jackson-module-parameter-names\2.11.4\jackson-module-parameter-names-2.11.4.jar;F:\RepMaven\org\springframework\spring-web\5.3.3\spring-web-5.3.3.jar;F:\RepMaven\org\springframework\spring-webmvc\5.3.3\spring-webmvc-5.3.3.jar;F:\RepMaven\org\springframework\spring-expression\5.3.3\spring-expression-5.3.3.jar;F:\RepMaven\org\mybatis\spring\boot\mybatis-spring-boot-starter\2.1.4\mybatis-spring-boot-starter-2.1.4.jar;F:\RepMaven\org\mybatis\spring\boot\mybatis-spring-boot-autoconfigure\2.1.4\mybatis-spring-boot-autoconfigure-2.1.4.jar;F:\RepMaven\org\mybatis\mybatis\3.5.6\mybatis-3.5.6.jar;F:\RepMaven\org\mybatis\mybatis-spring\2.0.6\mybatis-spring-2.0.6.jar;F:\RepMaven\org\springframework\boot\spring-boot-devtools\2.4.2\spring-boot-devtools-2.4.2.jar;F:\RepMaven\org\springframework\boot\spring-boot\2.4.2\spring-boot-2.4.2.jar;F:\RepMaven\org\springframework\boot\spring-boot-autoconfigure\2.4.2\spring-boot-autoconfigure-2.4.2.jar;F:\RepMaven\mysql\mysql-connector-java\8.0.22\mysql-connector-java-8.0.22.jar;F:\RepMaven\org\projectlombok\lombok\1.18.16\lombok-1.18.16.jar;F:\RepMaven\org\springframework\boot\spring-boot-starter-test\2.4.2\spring-boot-starter-test-2.4.2.jar;F:\RepMaven\org\springframework\boot\spring-boot-test\2.4.2\spring-boot-test-2.4.2.jar;F:\RepMaven\org\springframework\boot\spring-boot-test-autoconfigure\2.4.2\spring-boot-test-autoconfigure-2.4.2.jar;F:\RepMaven\com\jayway\jsonpath\json-path\2.4.0\json-path-2.4.0.jar;F:\RepMaven\net\minidev\json-smart\2.3\json-smart-2.3.jar;F:\RepMaven\net\minidev\accessors-smart\1.2\accessors-smart-1.2.jar;F:\RepMaven\org\ow2\asm\asm\5.0.4\asm-5.0.4.jar;F:\RepMaven\jakarta\xml\bind\jakarta.xml.bind-api\2.3.3\jakarta.xml.bind-api-2.3.3.jar;F:\RepMaven\jakarta\activation\jakarta.activation-api\1.2.2\jakarta.activation-api-1.2.2.jar;F:\RepMaven\org\assertj\assertj-core\3.18.1\assertj-core-3.18.1.jar;F:\RepMaven\org\hamcrest\hamcrest\2.2\hamcrest-2.2.jar;F:\RepMaven\org\junit\jupiter\junit-jupiter\5.7.0\junit-jupiter-5.7.0.jar;F:\RepMaven\org\junit\jupiter\junit-jupiter-api\5.7.0\junit-jupiter-api-5.7.0.jar;F:\RepMaven\org\apiguardian\apiguardian-api\1.1.0\apiguardian-api-1.1.0.jar;F:\RepMaven\org\opentest4j\opentest4j\1.2.0\opentest4j-1.2.0.jar;F:\RepMaven\org\junit\platform\junit-platform-commons\1.7.0\junit-platform-commons-1.7.0.jar;F:\RepMaven\org\junit\jupiter\junit-jupiter-params\5.7.0\junit-jupiter-params-5.7.0.jar;F:\RepMaven\org\junit\jupiter\junit-jupiter-engine\5.7.0\junit-jupiter-engine-5.7.0.jar;F:\RepMaven\org\junit\platform\junit-platform-engine\1.7.0\junit-platform-engine-1.7.0.jar;F:\RepMaven\org\mockito\mockito-core\3.6.28\mockito-core-3.6.28.jar;F:\RepMaven\net\bytebuddy\byte-buddy-agent\1.10.19\byte-buddy-agent-1.10.19.jar;F:\RepMaven\org\objenesis\objenesis\3.1\objenesis-3.1.jar;F:\RepMaven\org\mockito\mockito-junit-jupiter\3.6.28\mockito-junit-jupiter-3.6.28.jar;F:\RepMaven\org\skyscreamer\jsonassert\1.5.0\jsonassert-1.5.0.jar;F:\RepMaven\com\vaadin\external\google\android-json\0.0.20131108.vaadin1\android-json-0.0.20131108.vaadin1.jar;F:\RepMaven\org\springframework\spring-core\5.3.3\spring-core-5.3.3.jar;F:\RepMaven\org\springframework\spring-jcl\5.3.3\spring-jcl-5.3.3.jar;F:\RepMaven\org\springframework\spring-test\5.3.3\spring-test-5.3.3.jar;F:\RepMaven\org\xmlunit\xmlunit-core\2.7.0\xmlunit-core-2.7.0.jar;F:\RepMaven\org\springframework\spring-aspects\5.3.2\spring-aspects-5.3.2.jar;F:\RepMaven\org\aspectj\aspectjweaver\1.9.6\aspectjweaver-1.9.6.jar;F:\RepMaven\javax\validation\validation-api\2.0.1.Final\validation-api-2.0.1.Final.jar;F:\RepMaven\com\atlassian\commonmark\commonmark\0.10.0\commonmark-0.10.0.jar;F:\RepMaven\com\atlassian\commonmark\commonmark-ext-heading-anchor\0.10.0\commonmark-ext-heading-anchor-0.10.0.jar;F:\RepMaven\com\atlassian\commonmark\commonmark-ext-gfm-tables\0.10.0\commonmark-ext-gfm-tables-0.10.0.jar;F:\RepMaven\org\springframework\boot\spring-boot-starter-tomcat\2.4.2\spring-boot-starter-tomcat-2.4.2.jar;F:\RepMaven\jakarta\annotation\jakarta.annotation-api\1.3.5\jakarta.annotation-api-1.3.5.jar;F:\RepMaven\org\apache\tomcat\embed\tomcat-embed-core\9.0.41\tomcat-embed-core-9.0.41.jar;F:\RepMaven\org\glassfish\jakarta.el\3.0.3\jakarta.el-3.0.3.jar;F:\RepMaven\org\apache\tomcat\embed\tomcat-embed-websocket\9.0.41\tomcat-embed-websocket-9.0.41.jar;"/>
    <property name="java.vm.vendor" value="Oracle Corporation"/>
    <property name="sun.arch.data.model" value="64"/>
    <property name="user.variant" value=""/>
    <property name="java.vendor.url" value="http://java.oracle.com/"/>
    <property name="user.timezone" value="GMT+08:00"/>
    <property name="java.vm.specification.version" value="1.8"/>
    <property name="os.name" value="Windows 10"/>
    <property name="user.country" value="CN"/>
    <property name="sun.java.launcher" value="SUN_STANDARD"/>
    <property name="sun.boot.library.path" value="C:\Program Files\Java\jdk1.8.0_131\jre\bin"/>
    <property name="sun.java.command" value="C:\Users\ADMINI~1\AppData\Local\Temp\surefire1071134690660019361\surefirebooter3724545115334237258.jar C:\Users\Administrator\AppData\Local\Temp\surefire1071134690660019361 2021-02-12T12-58-46_079-jvmRun1 surefire6740138476214728663tmp surefire_07440254924071713237tmp"/>
    <property name="surefire.test.class.path" value="F:\Spring Boot Project\Blog\target\test-classes;F:\Spring Boot Project\Blog\target\classes;F:\RepMaven\org\springframework\boot\spring-boot-starter-data-jpa\2.4.2\spring-boot-starter-data-jpa-2.4.2.jar;F:\RepMaven\org\springframework\boot\spring-boot-starter-aop\2.4.2\spring-boot-starter-aop-2.4.2.jar;F:\RepMaven\org\springframework\spring-aop\5.3.3\spring-aop-5.3.3.jar;F:\RepMaven\jakarta\transaction\jakarta.transaction-api\1.3.3\jakarta.transaction-api-1.3.3.jar;F:\RepMaven\jakarta\persistence\jakarta.persistence-api\2.2.3\jakarta.persistence-api-2.2.3.jar;F:\RepMaven\org\hibernate\hibernate-core\5.4.27.Final\hibernate-core-5.4.27.Final.jar;F:\RepMaven\org\jboss\logging\jboss-logging\3.4.1.Final\jboss-logging-3.4.1.Final.jar;F:\RepMaven\org\javassist\javassist\3.27.0-GA\javassist-3.27.0-GA.jar;F:\RepMaven\net\bytebuddy\byte-buddy\1.10.19\byte-buddy-1.10.19.jar;F:\RepMaven\antlr\antlr\2.7.7\antlr-2.7.7.jar;F:\RepMaven\org\jboss\jandex\2.1.3.Final\jandex-2.1.3.Final.jar;F:\RepMaven\com\fasterxml\classmate\1.5.1\classmate-1.5.1.jar;F:\RepMaven\org\dom4j\dom4j\2.1.3\dom4j-2.1.3.jar;F:\RepMaven\org\hibernate\common\hibernate-commons-annotations\5.1.2.Final\hibernate-commons-annotations-5.1.2.Final.jar;F:\RepMaven\org\glassfish\jaxb\jaxb-runtime\2.3.3\jaxb-runtime-2.3.3.jar;F:\RepMaven\org\glassfish\jaxb\txw2\2.3.3\txw2-2.3.3.jar;F:\RepMaven\com\sun\istack\istack-commons-runtime\3.0.11\istack-commons-runtime-3.0.11.jar;F:\RepMaven\com\sun\activation\jakarta.activation\1.2.2\jakarta.activation-1.2.2.jar;F:\RepMaven\org\springframework\data\spring-data-jpa\2.4.3\spring-data-jpa-2.4.3.jar;F:\RepMaven\org\springframework\data\spring-data-commons\2.4.3\spring-data-commons-2.4.3.jar;F:\RepMaven\org\springframework\spring-orm\5.3.3\spring-orm-5.3.3.jar;F:\RepMaven\org\springframework\spring-context\5.3.3\spring-context-5.3.3.jar;F:\RepMaven\org\springframework\spring-tx\5.3.3\spring-tx-5.3.3.jar;F:\RepMaven\org\springframework\spring-beans\5.3.3\spring-beans-5.3.3.jar;F:\RepMaven\org\slf4j\slf4j-api\1.7.30\slf4j-api-1.7.30.jar;F:\RepMaven\org\springframework\boot\spring-boot-starter-jdbc\2.4.2\spring-boot-starter-jdbc-2.4.2.jar;F:\RepMaven\org\springframework\boot\spring-boot-starter\2.4.2\spring-boot-starter-2.4.2.jar;F:\RepMaven\org\springframework\boot\spring-boot-starter-logging\2.4.2\spring-boot-starter-logging-2.4.2.jar;F:\RepMaven\ch\qos\logback\logback-classic\1.2.3\logback-classic-1.2.3.jar;F:\RepMaven\ch\qos\logback\logback-core\1.2.3\logback-core-1.2.3.jar;F:\RepMaven\org\apache\logging\log4j\log4j-to-slf4j\2.13.3\log4j-to-slf4j-2.13.3.jar;F:\RepMaven\org\apache\logging\log4j\log4j-api\2.13.3\log4j-api-2.13.3.jar;F:\RepMaven\org\slf4j\jul-to-slf4j\1.7.30\jul-to-slf4j-1.7.30.jar;F:\RepMaven\org\yaml\snakeyaml\1.27\snakeyaml-1.27.jar;F:\RepMaven\com\zaxxer\HikariCP\3.4.5\HikariCP-3.4.5.jar;F:\RepMaven\org\springframework\spring-jdbc\5.3.3\spring-jdbc-5.3.3.jar;F:\RepMaven\org\springframework\boot\spring-boot-starter-thymeleaf\2.4.2\spring-boot-starter-thymeleaf-2.4.2.jar;F:\RepMaven\org\thymeleaf\thymeleaf-spring5\3.0.12.RELEASE\thymeleaf-spring5-3.0.12.RELEASE.jar;F:\RepMaven\org\thymeleaf\thymeleaf\3.0.12.RELEASE\thymeleaf-3.0.12.RELEASE.jar;F:\RepMaven\org\attoparser\attoparser\2.0.5.RELEASE\attoparser-2.0.5.RELEASE.jar;F:\RepMaven\org\unbescape\unbescape\1.1.6.RELEASE\unbescape-1.1.6.RELEASE.jar;F:\RepMaven\org\thymeleaf\extras\thymeleaf-extras-java8time\3.0.4.RELEASE\thymeleaf-extras-java8time-3.0.4.RELEASE.jar;F:\RepMaven\org\springframework\boot\spring-boot-starter-web\2.4.2\spring-boot-starter-web-2.4.2.jar;F:\RepMaven\org\springframework\boot\spring-boot-starter-json\2.4.2\spring-boot-starter-json-2.4.2.jar;F:\RepMaven\com\fasterxml\jackson\core\jackson-databind\2.11.4\jackson-databind-2.11.4.jar;F:\RepMaven\com\fasterxml\jackson\core\jackson-annotations\2.11.4\jackson-annotations-2.11.4.jar;F:\RepMaven\com\fasterxml\jackson\core\jackson-core\2.11.4\jackson-core-2.11.4.jar;F:\RepMaven\com\fasterxml\jackson\datatype\jackson-datatype-jdk8\2.11.4\jackson-datatype-jdk8-2.11.4.jar;F:\RepMaven\com\fasterxml\jackson\datatype\jackson-datatype-jsr310\2.11.4\jackson-datatype-jsr310-2.11.4.jar;F:\RepMaven\com\fasterxml\jackson\module\jackson-module-parameter-names\2.11.4\jackson-module-parameter-names-2.11.4.jar;F:\RepMaven\org\springframework\spring-web\5.3.3\spring-web-5.3.3.jar;F:\RepMaven\org\springframework\spring-webmvc\5.3.3\spring-webmvc-5.3.3.jar;F:\RepMaven\org\springframework\spring-expression\5.3.3\spring-expression-5.3.3.jar;F:\RepMaven\org\mybatis\spring\boot\mybatis-spring-boot-starter\2.1.4\mybatis-spring-boot-starter-2.1.4.jar;F:\RepMaven\org\mybatis\spring\boot\mybatis-spring-boot-autoconfigure\2.1.4\mybatis-spring-boot-autoconfigure-2.1.4.jar;F:\RepMaven\org\mybatis\mybatis\3.5.6\mybatis-3.5.6.jar;F:\RepMaven\org\mybatis\mybatis-spring\2.0.6\mybatis-spring-2.0.6.jar;F:\RepMaven\org\springframework\boot\spring-boot-devtools\2.4.2\spring-boot-devtools-2.4.2.jar;F:\RepMaven\org\springframework\boot\spring-boot\2.4.2\spring-boot-2.4.2.jar;F:\RepMaven\org\springframework\boot\spring-boot-autoconfigure\2.4.2\spring-boot-autoconfigure-2.4.2.jar;F:\RepMaven\mysql\mysql-connector-java\8.0.22\mysql-connector-java-8.0.22.jar;F:\RepMaven\org\projectlombok\lombok\1.18.16\lombok-1.18.16.jar;F:\RepMaven\org\springframework\boot\spring-boot-starter-test\2.4.2\spring-boot-starter-test-2.4.2.jar;F:\RepMaven\org\springframework\boot\spring-boot-test\2.4.2\spring-boot-test-2.4.2.jar;F:\RepMaven\org\springframework\boot\spring-boot-test-autoconfigure\2.4.2\spring-boot-test-autoconfigure-2.4.2.jar;F:\RepMaven\com\jayway\jsonpath\json-path\2.4.0\json-path-2.4.0.jar;F:\RepMaven\net\minidev\json-smart\2.3\json-smart-2.3.jar;F:\RepMaven\net\minidev\accessors-smart\1.2\accessors-smart-1.2.jar;F:\RepMaven\org\ow2\asm\asm\5.0.4\asm-5.0.4.jar;F:\RepMaven\jakarta\xml\bind\jakarta.xml.bind-api\2.3.3\jakarta.xml.bind-api-2.3.3.jar;F:\RepMaven\jakarta\activation\jakarta.activation-api\1.2.2\jakarta.activation-api-1.2.2.jar;F:\RepMaven\org\assertj\assertj-core\3.18.1\assertj-core-3.18.1.jar;F:\RepMaven\org\hamcrest\hamcrest\2.2\hamcrest-2.2.jar;F:\RepMaven\org\junit\jupiter\junit-jupiter\5.7.0\junit-jupiter-5.7.0.jar;F:\RepMaven\org\junit\jupiter\junit-jupiter-api\5.7.0\junit-jupiter-api-5.7.0.jar;F:\RepMaven\org\apiguardian\apiguardian-api\1.1.0\apiguardian-api-1.1.0.jar;F:\RepMaven\org\opentest4j\opentest4j\1.2.0\opentest4j-1.2.0.jar;F:\RepMaven\org\junit\platform\junit-platform-commons\1.7.0\junit-platform-commons-1.7.0.jar;F:\RepMaven\org\junit\jupiter\junit-jupiter-params\5.7.0\junit-jupiter-params-5.7.0.jar;F:\RepMaven\org\junit\jupiter\junit-jupiter-engine\5.7.0\junit-jupiter-engine-5.7.0.jar;F:\RepMaven\org\junit\platform\junit-platform-engine\1.7.0\junit-platform-engine-1.7.0.jar;F:\RepMaven\org\mockito\mockito-core\3.6.28\mockito-core-3.6.28.jar;F:\RepMaven\net\bytebuddy\byte-buddy-agent\1.10.19\byte-buddy-agent-1.10.19.jar;F:\RepMaven\org\objenesis\objenesis\3.1\objenesis-3.1.jar;F:\RepMaven\org\mockito\mockito-junit-jupiter\3.6.28\mockito-junit-jupiter-3.6.28.jar;F:\RepMaven\org\skyscreamer\jsonassert\1.5.0\jsonassert-1.5.0.jar;F:\RepMaven\com\vaadin\external\google\android-json\0.0.20131108.vaadin1\android-json-0.0.20131108.vaadin1.jar;F:\RepMaven\org\springframework\spring-core\5.3.3\spring-core-5.3.3.jar;F:\RepMaven\org\springframework\spring-jcl\5.3.3\spring-jcl-5.3.3.jar;F:\RepMaven\org\springframework\spring-test\5.3.3\spring-test-5.3.3.jar;F:\RepMaven\org\xmlunit\xmlunit-core\2.7.0\xmlunit-core-2.7.0.jar;F:\RepMaven\org\springframework\spring-aspects\5.3.2\spring-aspects-5.3.2.jar;F:\RepMaven\org\aspectj\aspectjweaver\1.9.6\aspectjweaver-1.9.6.jar;F:\RepMaven\javax\validation\validation-api\2.0.1.Final\validation-api-2.0.1.Final.jar;F:\RepMaven\com\atlassian\commonmark\commonmark\0.10.0\commonmark-0.10.0.jar;F:\RepMaven\com\atlassian\commonmark\commonmark-ext-heading-anchor\0.10.0\commonmark-ext-heading-anchor-0.10.0.jar;F:\RepMaven\com\atlassian\commonmark\commonmark-ext-gfm-tables\0.10.0\commonmark-ext-gfm-tables-0.10.0.jar;F:\RepMaven\org\springframework\boot\spring-boot-starter-tomcat\2.4.2\spring-boot-starter-tomcat-2.4.2.jar;F:\RepMaven\jakarta\annotation\jakarta.annotation-api\1.3.5\jakarta.annotation-api-1.3.5.jar;F:\RepMaven\org\apache\tomcat\embed\tomcat-embed-core\9.0.41\tomcat-embed-core-9.0.41.jar;F:\RepMaven\org\glassfish\jakarta.el\3.0.3\jakarta.el-3.0.3.jar;F:\RepMaven\org\apache\tomcat\embed\tomcat-embed-websocket\9.0.41\tomcat-embed-websocket-9.0.41.jar;"/>
    <property name="sun.cpu.endian" value="little"/>
    <property name="user.home" value="C:\Users\Administrator"/>
    <property name="user.language" value="zh"/>
    <property name="java.specification.vendor" value="Oracle Corporation"/>
    <property name="java.home" value="C:\Program Files\Java\jdk1.8.0_131\jre"/>
    <property name="basedir" value="F:\Spring Boot Project\Blog"/>
    <property name="file.separator" value="\"/>
    <property name="line.separator" value="&#10;"/>
    <property name="java.vm.specification.vendor" value="Oracle Corporation"/>
    <property name="java.specification.name" value="Java Platform API Specification"/>
    <property name="java.awt.graphicsenv" value="sun.awt.Win32GraphicsEnvironment"/>
    <property name="surefire.real.class.path" value="C:\Users\ADMINI~1\AppData\Local\Temp\surefire1071134690660019361\surefirebooter3724545115334237258.jar"/>
    <property name="sun.boot.class.path" value="C:\Program Files\Java\jdk1.8.0_131\jre\lib\resources.jar;C:\Program Files\Java\jdk1.8.0_131\jre\lib\rt.jar;C:\Program Files\Java\jdk1.8.0_131\jre\lib\sunrsasign.jar;C:\Program Files\Java\jdk1.8.0_131\jre\lib\jsse.jar;C:\Program Files\Java\jdk1.8.0_131\jre\lib\jce.jar;C:\Program Files\Java\jdk1.8.0_131\jre\lib\charsets.jar;C:\Program Files\Java\jdk1.8.0_131\jre\lib\jfr.jar;C:\Program Files\Java\jdk1.8.0_131\jre\classes"/>
    <property name="user.script" value=""/>
    <property name="sun.management.compiler" value="HotSpot 64-Bit Tiered Compilers"/>
    <property name="java.runtime.version" value="1.8.0_131-b11"/>
    <property name="user.name" value="Administrator"/>
    <property name="path.separator" value=";"/>
    <property name="os.version" value="10.0"/>
    <property name="java.endorsed.dirs" value="C:\Program Files\Java\jdk1.8.0_131\jre\lib\endorsed"/>
    <property name="java.runtime.name" value="Java(TM) SE Runtime Environment"/>
    <property name="file.encoding" value="GBK"/>
    <property name="java.vm.name" value="Java HotSpot(TM) 64-Bit Server VM"/>
    <property name="localRepository" value="F:\RepMaven"/>
    <property name="java.vendor.url.bug" value="http://bugreport.sun.com/bugreport/"/>
    <property name="java.io.tmpdir" value="C:\Users\ADMINI~1\AppData\Local\Temp\"/>
    <property name="java.version" value="1.8.0_131"/>
    <property name="user.dir" value="F:\Spring Boot Project\Blog"/>
    <property name="os.arch" value="amd64"/>
    <property name="java.vm.specification.name" value="Java Virtual Machine Specification"/>
    <property name="java.awt.printerjob" value="sun.awt.windows.WPrinterJob"/>
    <property name="sun.os.patch.level" value=""/>
    <property name="idea.version2019.3.3" value="true"/>
    <property name="java.library.path" value="C:\Program Files\Java\jdk1.8.0_131\jre\bin;C:\WINDOWS\Sun\Java\bin;C:\WINDOWS\system32;C:\WINDOWS;C:\Program Files\Java\jdk1.8.0_131\bin;C:\Program Files\Java\jdk1.8.0_131\jre\bin;F:\Maven\apache-maven-3.2.2\bin\;C:\Program Files\MySQL\MySQL Server 5.5\bin;C:\WINDOWS\system32;C:\WINDOWS;C:\WINDOWS\System32\Wbem;C:\WINDOWS\System32\WindowsPowerShell\v1.0\;C:\WINDOWS\System32\OpenSSH\;E:\Xshell\;C:\Users\Administrator\AppData\Local\Microsoft\WindowsApps;C:\Program Files\Bandizip\;C:\Program Files\JetBrains\IntelliJ IDEA 2019.3.3\bin;;;."/>
    <property name="java.vm.info" value="mixed mode"/>
    <property name="java.vendor" value="Oracle Corporation"/>
    <property name="java.vm.version" value="25.131-b11"/>
    <property name="java.ext.dirs" value="C:\Program Files\Java\jdk1.8.0_131\jre\lib\ext;C:\WINDOWS\Sun\Java\lib\ext"/>
    <property name="sun.io.unicode.encoding" value="UnicodeLittle"/>
    <property name="java.class.version" value="52.0"/>
  </properties>
  <testcase name="contextLoads" classname="com.mcs.BlogApplicationTests" time="0.073"/>
</testsuite>